<?xml version="1.0" encoding="UTF-8"?>
<!-- Generated by org.testng.reporters.JUnitXMLReporter -->
<testsuite hostname="Daminis-MBP" ignored="0" name="Default test" tests="6" failures="3" timestamp="2022-09-19T01:58:29 GST" time="38.654" errors="0">
  <testcase name="runScenario" time="32.728" classname="io.cucumber.testng.AbstractTestNGCucumberTests"/>
  <testcase name="runScenario" time="33.151" classname="io.cucumber.testng.AbstractTestNGCucumberTests"/>
  <testcase name="runScenario" time="35.489" classname="io.cucumber.testng.AbstractTestNGCucumberTests">
    <failure type="java.lang.AssertionError" message="expected [true] but found [false]">
      <![CDATA[java.lang.AssertionError: expected [true] but found [false]
at org.testng.Assert.fail(Assert.java:99)
at org.testng.Assert.failNotEquals(Assert.java:1037)
at org.testng.Assert.assertTrue(Assert.java:45)
at org.testng.Assert.assertTrue(Assert.java:55)
at stepDefinitions.LandingPageStepDefinition.user_select_country_checks_currency_url_is_modified(LandingPageStepDefinition.java:125)
at ✽.user select country KSA checks currency SAR URL sa is modified(file:///Users/pheonix/eclipse-workspace/ParamInfoSTCTV/src/test/java/features/subscriptionPackages.feature:19)
]]>
    </failure>
  </testcase> <!-- runScenario -->
  <testcase name="runScenario" time="35.726" classname="io.cucumber.testng.AbstractTestNGCucumberTests"/>
  <testcase name="runScenario" time="37.104" classname="io.cucumber.testng.AbstractTestNGCucumberTests">
    <failure type="java.lang.AssertionError" message="expected [true] but found [false]">
      <![CDATA[java.lang.AssertionError: expected [true] but found [false]
at org.testng.Assert.fail(Assert.java:99)
at org.testng.Assert.failNotEquals(Assert.java:1037)
at org.testng.Assert.assertTrue(Assert.java:45)
at org.testng.Assert.assertTrue(Assert.java:55)
at stepDefinitions.LandingPageStepDefinition.page_language_is_modifed_to_arabic_language(LandingPageStepDefinition.java:88)
at ✽.page language is modifed to arabic language(file:///Users/pheonix/eclipse-workspace/ParamInfoSTCTV/src/test/java/features/subscriptionPackages.feature:12)
]]>
    </failure>
  </testcase> <!-- runScenario -->
  <testcase name="runScenario" time="37.732" classname="io.cucumber.testng.AbstractTestNGCucumberTests">
    <failure type="java.lang.AssertionError" message="expected [true] but found [false]">
      <![CDATA[java.lang.AssertionError: expected [true] but found [false]
at org.testng.Assert.fail(Assert.java:99)
at org.testng.Assert.failNotEquals(Assert.java:1037)
at org.testng.Assert.assertTrue(Assert.java:45)
at org.testng.Assert.assertTrue(Assert.java:55)
at stepDefinitions.LandingPageStepDefinition.user_select_country_checks_currency_url_is_modified(LandingPageStepDefinition.java:125)
at ✽.user select country Kuwait checks currency KWD URL kw is modified(file:///Users/pheonix/eclipse-workspace/ParamInfoSTCTV/src/test/java/features/subscriptionPackages.feature:19)
]]>
    </failure>
  </testcase> <!-- runScenario -->
</testsuite> <!-- Default test -->
