[{"line":1,"elements":[{"start_timestamp":"2022-10-18T18:04:55.906Z","line":3,"name":"1. Validate the landing page key elements","description":"","id":"validation-for-search-and-download-for-zendy-application;1.-validate-the-landing-page-key-elements","after":[{"result":{"duration":171000000,"status":"passed"},"match":{"location":"stepDefinitions.Hooks.AfterScenario()"}}],"type":"scenario","keyword":"Scenario","steps":[{"result":{"duration":28215000000,"status":"passed"},"line":5,"name":"user is on zendy landing page","match":{"location":"stepDefinitions.SearchAndDownloadEbookStepDefinition.user_is_on_zendy_landing_page()"},"keyword":"Given "},{"result":{"duration":1081000000,"status":"passed"},"line":6,"name":"user checks all the key buttons and links are visible","match":{"location":"stepDefinitions.SearchAndDownloadEbookStepDefinition.user_checks_all_the_key_buttons_and_links_are_visible()"},"keyword":"Then "}]},{"start_timestamp":"2022-10-18T18:04:55.912Z","line":8,"name":"2. Validate user logs in and download the Ebook online","description":"","id":"validation-for-search-and-download-for-zendy-application;2.-validate-user-logs-in-and-download-the-ebook-online","after":[{"result":{"duration":121000000,"status":"passed"},"match":{"location":"stepDefinitions.Hooks.AfterScenario()"}}],"type":"scenario","keyword":"Scenario","steps":[{"result":{"duration":27269000000,"status":"passed"},"line":10,"name":"user is on zendy landing page","match":{"location":"stepDefinitions.SearchAndDownloadEbookStepDefinition.user_is_on_zendy_landing_page()"},"keyword":"Given "},{"result":{"duration":9800000000,"status":"passed"},"line":11,"name":"user logs in to zendy application","match":{"location":"stepDefinitions.SearchAndDownloadEbookStepDefinition.user_logs_in_to_zendy_application()"},"keyword":"When "},{"result":{"duration":2641000000,"status":"passed"},"line":12,"name":"user homepage is loaded with username","match":{"location":"stepDefinitions.SearchAndDownloadEbookStepDefinition.user_homepage_is_loaded_with_username()"},"keyword":"Then "},{"result":{"duration":891000000,"status":"passed"},"line":13,"name":"user search for \"Software quality assurance best practices\" text","match":{"arguments":[{"val":"\"Software quality assurance best practices\"","offset":16}],"location":"stepDefinitions.SearchAndDownloadEbookStepDefinition.user_search_for_text(java.lang.String)"},"keyword":"When "},{"result":{"duration":216000000,"status":"passed"},"line":14,"name":"user is landed to search page with search results","match":{"location":"stepDefinitions.SearchAndDownloadEbookStepDefinition.user_is_landed_to_search_page_with_search_results()"},"keyword":"Then "},{"result":{"error_message":"org.openqa.selenium.StaleElementReferenceException: stale element reference: element is not attached to the page document\n  (Session info: chrome=106.0.5249.119)\nFor documentation on this error, please visit: https://selenium.dev/exceptions/#stale_element_reference\nBuild info: version: '4.4.0', revision: 'e5c75ed026a'\nSystem info: host: 'Daminis-MBP', ip: 'fe80:0:0:0:103d:b380:7856:3aca%en0', os.name: 'Mac OS X', os.arch: 'x86_64', os.version: '12.6', java.version: '1.8.0_341'\nDriver info: org.openqa.selenium.chrome.ChromeDriver\nCommand: [a60e02b563aa8e76f69c96b9654fc9dc, getElementText {id=325b88af-9d3e-40fa-ad2a-ee82e3ea68cf}]\nCapabilities {acceptInsecureCerts: false, browserName: chrome, browserVersion: 106.0.5249.119, chrome: {chromedriverVersion: 106.0.5249.61 (511755355844..., userDataDir: /var/folders/3m/c46fc2k95x3...}, goog:chromeOptions: {debuggerAddress: localhost:52994}, networkConnectionEnabled: false, pageLoadStrategy: normal, platformName: MAC, proxy: Proxy(), se:cdp: ws://localhost:52994/devtoo..., se:cdpVersion: 106.0.5249.119, setWindowRect: true, strictFileInteractability: false, timeouts: {implicit: 0, pageLoad: 300000, script: 30000}, unhandledPromptBehavior: dismiss and notify, webauthn:extension:credBlob: true, webauthn:extension:largeBlob: true, webauthn:virtualAuthenticators: true}\nElement: [[ChromeDriver: chrome on MAC (a60e02b563aa8e76f69c96b9654fc9dc)] -> xpath: (//div[contains(@data-test,'search-result-2-title')]//span)[1]]\nSession ID: a60e02b563aa8e76f69c96b9654fc9dc\n\tat sun.reflect.NativeConstructorAccessorImpl.newInstance0(Native Method)\n\tat sun.reflect.NativeConstructorAccessorImpl.newInstance(NativeConstructorAccessorImpl.java:62)\n\tat sun.reflect.DelegatingConstructorAccessorImpl.newInstance(DelegatingConstructorAccessorImpl.java:45)\n\tat java.lang.reflect.Constructor.newInstance(Constructor.java:423)\n\tat org.openqa.selenium.remote.codec.w3c.W3CHttpResponseCodec.createException(W3CHttpResponseCodec.java:200)\n\tat org.openqa.selenium.remote.codec.w3c.W3CHttpResponseCodec.decode(W3CHttpResponseCodec.java:133)\n\tat org.openqa.selenium.remote.codec.w3c.W3CHttpResponseCodec.decode(W3CHttpResponseCodec.java:53)\n\tat org.openqa.selenium.remote.HttpCommandExecutor.execute(HttpCommandExecutor.java:184)\n\tat org.openqa.selenium.remote.service.DriverCommandExecutor.invokeExecute(DriverCommandExecutor.java:167)\n\tat org.openqa.selenium.remote.service.DriverCommandExecutor.execute(DriverCommandExecutor.java:142)\n\tat org.openqa.selenium.remote.RemoteWebDriver.execute(RemoteWebDriver.java:547)\n\tat org.openqa.selenium.remote.RemoteWebElement.execute(RemoteWebElement.java:257)\n\tat org.openqa.selenium.remote.RemoteWebElement.getText(RemoteWebElement.java:207)\n\tat sun.reflect.NativeMethodAccessorImpl.invoke0(Native Method)\n\tat sun.reflect.NativeMethodAccessorImpl.invoke(NativeMethodAccessorImpl.java:62)\n\tat sun.reflect.DelegatingMethodAccessorImpl.invoke(DelegatingMethodAccessorImpl.java:43)\n\tat java.lang.reflect.Method.invoke(Method.java:498)\n\tat org.openqa.selenium.support.pagefactory.internal.LocatingElementHandler.invoke(LocatingElementHandler.java:52)\n\tat com.sun.proxy.$Proxy25.getText(Unknown Source)\n\tat stepDefinitions.SearchAndDownloadEbookStepDefinition.user_selects_download_button_for_first_option(SearchAndDownloadEbookStepDefinition.java:143)\n\tat ✽.user selects download button for first option(file:///Users/pheonix/eclipse-workspace/ZendyOnlineLibraryBDD/src/test/java/features/searchAndDownloadEbook.feature:15)\n","duration":4067000000,"status":"failed"},"line":15,"name":"user selects download button for first option","match":{"location":"stepDefinitions.SearchAndDownloadEbookStepDefinition.user_selects_download_button_for_first_option()"},"keyword":"And "},{"result":{"duration":3000000,"status":"skipped"},"line":16,"name":"user is redirected to new page for downloading article.","match":{"location":"stepDefinitions.SearchAndDownloadEbookStepDefinition.user_is_redirected_to_new_page_for_downloading_article()"},"keyword":"And "}]},{"start_timestamp":"2022-10-18T18:04:55.908Z","line":19,"name":"3. Validate user logs in and read the Ebook","description":"","id":"validation-for-search-and-download-for-zendy-application;3.-validate-user-logs-in-and-read-the-ebook","after":[{"result":{"duration":125000000,"status":"passed"},"match":{"location":"stepDefinitions.Hooks.AfterScenario()"}}],"type":"scenario","keyword":"Scenario","steps":[{"result":{"duration":26833000000,"status":"passed"},"line":21,"name":"user is on zendy landing page","match":{"location":"stepDefinitions.SearchAndDownloadEbookStepDefinition.user_is_on_zendy_landing_page()"},"keyword":"Given "},{"result":{"duration":8668000000,"status":"passed"},"line":22,"name":"user logs in to zendy application","match":{"location":"stepDefinitions.SearchAndDownloadEbookStepDefinition.user_logs_in_to_zendy_application()"},"keyword":"When "},{"result":{"duration":4997000000,"status":"passed"},"line":23,"name":"user homepage is loaded with username","match":{"location":"stepDefinitions.SearchAndDownloadEbookStepDefinition.user_homepage_is_loaded_with_username()"},"keyword":"Then "},{"result":{"duration":781000000,"status":"passed"},"line":24,"name":"user search for \"Software quality assurance best practices\" text","match":{"arguments":[{"val":"\"Software quality assurance best practices\"","offset":16}],"location":"stepDefinitions.SearchAndDownloadEbookStepDefinition.user_search_for_text(java.lang.String)"},"keyword":"When "},{"result":{"duration":235000000,"status":"passed"},"line":25,"name":"user is landed to search page with search results","match":{"location":"stepDefinitions.SearchAndDownloadEbookStepDefinition.user_is_landed_to_search_page_with_search_results()"},"keyword":"Then "},{"result":{"duration":3440000000,"status":"passed"},"line":26,"name":"user selects read button for first option","match":{"location":"stepDefinitions.SearchAndDownloadEbookStepDefinition.user_selects_read_button_for_first_option()"},"keyword":"And "},{"result":{"error_message":"org.openqa.selenium.TimeoutException: Expected condition failed: waiting for visibility of Proxy element for: DefaultElementLocator 'By.cssSelector: .page_title' (tried for 30 second(s) with 500 milliseconds interval)\n\tat org.openqa.selenium.support.ui.WebDriverWait.timeoutException(WebDriverWait.java:87)\n\tat org.openqa.selenium.support.ui.FluentWait.until(FluentWait.java:231)\n\tat stepDefinitions.SearchAndDownloadEbookStepDefinition.user_is_redirected_to_new_page_for_reading_article(SearchAndDownloadEbookStepDefinition.java:171)\n\tat ✽.user is redirected to new page for reading article.(file:///Users/pheonix/eclipse-workspace/ZendyOnlineLibraryBDD/src/test/java/features/searchAndDownloadEbook.feature:27)\nCaused by: org.openqa.selenium.NoSuchElementException: no such element: Unable to locate element: {\"method\":\"css selector\",\"selector\":\".page_title\"}\n  (Session info: chrome=106.0.5249.119)\nFor documentation on this error, please visit: https://selenium.dev/exceptions/#no_such_element\nBuild info: version: '4.4.0', revision: 'e5c75ed026a'\nSystem info: host: 'Daminis-MBP', ip: 'fe80:0:0:0:103d:b380:7856:3aca%en0', os.name: 'Mac OS X', os.arch: 'x86_64', os.version: '12.6', java.version: '1.8.0_341'\nDriver info: org.openqa.selenium.chrome.ChromeDriver\nCommand: [62979ddfb0a58d915d85d7e82c8de030, findElement {using=css selector, value=.page_title}]\nCapabilities {acceptInsecureCerts: false, browserName: chrome, browserVersion: 106.0.5249.119, chrome: {chromedriverVersion: 106.0.5249.61 (511755355844..., userDataDir: /var/folders/3m/c46fc2k95x3...}, goog:chromeOptions: {debuggerAddress: localhost:52995}, networkConnectionEnabled: false, pageLoadStrategy: normal, platformName: MAC, proxy: Proxy(), se:cdp: ws://localhost:52995/devtoo..., se:cdpVersion: 106.0.5249.119, setWindowRect: true, strictFileInteractability: false, timeouts: {implicit: 0, pageLoad: 300000, script: 30000}, unhandledPromptBehavior: dismiss and notify, webauthn:extension:credBlob: true, webauthn:extension:largeBlob: true, webauthn:virtualAuthenticators: true}\nSession ID: 62979ddfb0a58d915d85d7e82c8de030\n\tat sun.reflect.NativeConstructorAccessorImpl.newInstance0(Native Method)\n\tat sun.reflect.NativeConstructorAccessorImpl.newInstance(NativeConstructorAccessorImpl.java:62)\n\tat sun.reflect.DelegatingConstructorAccessorImpl.newInstance(DelegatingConstructorAccessorImpl.java:45)\n\tat java.lang.reflect.Constructor.newInstance(Constructor.java:423)\n\tat org.openqa.selenium.remote.codec.w3c.W3CHttpResponseCodec.createException(W3CHttpResponseCodec.java:200)\n\tat org.openqa.selenium.remote.codec.w3c.W3CHttpResponseCodec.decode(W3CHttpResponseCodec.java:133)\n\tat org.openqa.selenium.remote.codec.w3c.W3CHttpResponseCodec.decode(W3CHttpResponseCodec.java:53)\n\tat org.openqa.selenium.remote.HttpCommandExecutor.execute(HttpCommandExecutor.java:184)\n\tat org.openqa.selenium.remote.service.DriverCommandExecutor.invokeExecute(DriverCommandExecutor.java:167)\n\tat org.openqa.selenium.remote.service.DriverCommandExecutor.execute(DriverCommandExecutor.java:142)\n\tat org.openqa.selenium.remote.RemoteWebDriver.execute(RemoteWebDriver.java:547)\n\tat org.openqa.selenium.remote.ElementLocation$ElementFinder$2.findElement(ElementLocation.java:162)\n\tat org.openqa.selenium.remote.ElementLocation.findElement(ElementLocation.java:60)\n\tat org.openqa.selenium.remote.RemoteWebDriver.findElement(RemoteWebDriver.java:365)\n\tat org.openqa.selenium.remote.RemoteWebDriver.findElement(RemoteWebDriver.java:357)\n\tat org.openqa.selenium.support.pagefactory.DefaultElementLocator.findElement(DefaultElementLocator.java:70)\n\tat org.openqa.selenium.support.pagefactory.internal.LocatingElementHandler.invoke(LocatingElementHandler.java:39)\n\tat com.sun.proxy.$Proxy25.isDisplayed(Unknown Source)\n\tat org.openqa.selenium.support.ui.ExpectedConditions.elementIfVisible(ExpectedConditions.java:307)\n\tat org.openqa.selenium.support.ui.ExpectedConditions.access$000(ExpectedConditions.java:40)\n\tat org.openqa.selenium.support.ui.ExpectedConditions$10.apply(ExpectedConditions.java:293)\n\tat org.openqa.selenium.support.ui.ExpectedConditions$10.apply(ExpectedConditions.java:290)\n\tat org.openqa.selenium.support.ui.FluentWait.until(FluentWait.java:208)\n\tat stepDefinitions.SearchAndDownloadEbookStepDefinition.user_is_redirected_to_new_page_for_reading_article(SearchAndDownloadEbookStepDefinition.java:171)\n\tat sun.reflect.NativeMethodAccessorImpl.invoke0(Native Method)\n\tat sun.reflect.NativeMethodAccessorImpl.invoke(NativeMethodAccessorImpl.java:62)\n\tat sun.reflect.DelegatingMethodAccessorImpl.invoke(DelegatingMethodAccessorImpl.java:43)\n\tat java.lang.reflect.Method.invoke(Method.java:498)\n\tat io.cucumber.java.Invoker.doInvoke(Invoker.java:66)\n\tat io.cucumber.java.Invoker.invoke(Invoker.java:24)\n\tat io.cucumber.java.AbstractGlueDefinition.invokeMethod(AbstractGlueDefinition.java:47)\n\tat io.cucumber.java.JavaStepDefinition.execute(JavaStepDefinition.java:29)\n\tat io.cucumber.core.runner.CoreStepDefinition.execute(CoreStepDefinition.java:66)\n\tat io.cucumber.core.runner.PickleStepDefinitionMatch.runStep(PickleStepDefinitionMatch.java:63)\n\tat io.cucumber.core.runner.ExecutionMode$1.execute(ExecutionMode.java:10)\n\tat io.cucumber.core.runner.TestStep.executeStep(TestStep.java:85)\n\tat io.cucumber.core.runner.TestStep.run(TestStep.java:57)\n\tat io.cucumber.core.runner.PickleStepTestStep.run(PickleStepTestStep.java:51)\n\tat io.cucumber.core.runner.TestCase.run(TestCase.java:84)\n\tat io.cucumber.core.runner.Runner.runPickle(Runner.java:75)\n\tat io.cucumber.testng.TestNGCucumberRunner.lambda$runScenario$1(TestNGCucumberRunner.java:132)\n\tat io.cucumber.core.runtime.CucumberExecutionContext.lambda$runTestCase$5(CucumberExecutionContext.java:129)\n\tat io.cucumber.core.runtime.RethrowingThrowableCollector.executeAndThrow(RethrowingThrowableCollector.java:23)\n\tat io.cucumber.core.runtime.CucumberExecutionContext.runTestCase(CucumberExecutionContext.java:129)\n\tat io.cucumber.testng.TestNGCucumberRunner.runScenario(TestNGCucumberRunner.java:129)\n\tat io.cucumber.testng.AbstractTestNGCucumberTests.runScenario(AbstractTestNGCucumberTests.java:35)\n\tat sun.reflect.NativeMethodAccessorImpl.invoke0(Native Method)\n\tat sun.reflect.NativeMethodAccessorImpl.invoke(NativeMethodAccessorImpl.java:62)\n\tat sun.reflect.DelegatingMethodAccessorImpl.invoke(DelegatingMethodAccessorImpl.java:43)\n\tat java.lang.reflect.Method.invoke(Method.java:498)\n\tat org.testng.internal.MethodInvocationHelper.invokeMethod(MethodInvocationHelper.java:133)\n\tat org.testng.internal.TestInvoker.invokeMethod(TestInvoker.java:598)\n\tat org.testng.internal.TestInvoker.invokeTestMethod(TestInvoker.java:173)\n\tat org.testng.internal.TestMethodWithDataProviderMethodWorker.call(TestMethodWithDataProviderMethodWorker.java:77)\n\tat org.testng.internal.TestMethodWithDataProviderMethodWorker.call(TestMethodWithDataProviderMethodWorker.java:15)\n\tat java.util.concurrent.FutureTask.run(FutureTask.java:266)\n\tat java.util.concurrent.Executors$RunnableAdapter.call(Executors.java:511)\n\tat java.util.concurrent.FutureTask.run(FutureTask.java:266)\n\tat java.util.concurrent.ThreadPoolExecutor.runWorker(ThreadPoolExecutor.java:1149)\n\tat java.util.concurrent.ThreadPoolExecutor$Worker.run(ThreadPoolExecutor.java:624)\n\tat java.lang.Thread.run(Thread.java:750)\n","duration":37912000000,"status":"failed"},"line":27,"name":"user is redirected to new page for reading article.","match":{"location":"stepDefinitions.SearchAndDownloadEbookStepDefinition.user_is_redirected_to_new_page_for_reading_article()"},"keyword":"And "}]}],"name":"Validation for Search and Download for Zendy application","description":"","id":"validation-for-search-and-download-for-zendy-application","keyword":"Feature","uri":"file:src/test/java/features/searchAndDownloadEbook.feature","tags":[]}]